app/build/intermediates/manifest_merge_blame_file/debug/processDebugMainManifest/manifest-merger-blame-debug-report.txt
1<?xml version="1.0" encoding="utf-8"?>
2<manifest xmlns:android="http://schemas.android.com/apk/res/android"
3    package="com.stickerpack.maker"
4    android:versionCode="1"
5    android:versionName="1.0" >
6
7    <uses-sdk
7-->INJECTED
8        android:minSdkVersion="24"
8-->INJECTED
9        android:targetSdkVersion="34" />
9-->INJECTED
10
11    <uses-permission android:name="android.permission.READ_MEDIA_IMAGES" />
11-->src/main/AndroidManifest.xml:4:5-76
11-->src/main/AndroidManifest.xml:4:22-73
12    <uses-permission
12-->src/main/AndroidManifest.xml:5:5-107
13        android:name="android.permission.READ_EXTERNAL_STORAGE"
13-->src/main/AndroidManifest.xml:5:22-77
14        android:maxSdkVersion="32" />
14-->src/main/AndroidManifest.xml:5:78-104
15
16    <!-- Query WhatsApp packages for intent handling on Android 11+ -->
17    <queries>
17-->src/main/AndroidManifest.xml:8:5-11:15
18        <package android:name="com.whatsapp" />
18-->src/main/AndroidManifest.xml:9:9-48
18-->src/main/AndroidManifest.xml:9:18-45
19        <package android:name="com.whatsapp.w4b" />
19-->src/main/AndroidManifest.xml:10:9-52
19-->src/main/AndroidManifest.xml:10:18-49
20    </queries>
21
22    <permission
22-->[androidx.core:core:1.12.0] AndroidManifest.xml:22:5-24:47
23        android:name="com.stickerpack.maker.DYNAMIC_RECEIVER_NOT_EXPORTED_PERMISSION"
23-->[androidx.core:core:1.12.0] AndroidManifest.xml:23:9-81
24        android:protectionLevel="signature" />
24-->[androidx.core:core:1.12.0] AndroidManifest.xml:24:9-44
25
26    <uses-permission android:name="com.stickerpack.maker.DYNAMIC_RECEIVER_NOT_EXPORTED_PERMISSION" />
26-->[androidx.core:core:1.12.0] AndroidManifest.xml:26:5-97
26-->[androidx.core:core:1.12.0] AndroidManifest.xml:26:22-94
27
28    <application
28-->src/main/AndroidManifest.xml:13:5-92:19
29        android:allowBackup="true"
29-->src/main/AndroidManifest.xml:14:9-35
30        android:appComponentFactory="androidx.core.app.CoreComponentFactory"
30-->[androidx.core:core:1.12.0] AndroidManifest.xml:28:18-86
31        android:debuggable="true"
32        android:extractNativeLibs="false"
32-->INJECTED
33        android:icon="@mipmap/ic_launcher"
33-->src/main/AndroidManifest.xml:15:9-43
34        android:label="@string/app_name"
34-->src/main/AndroidManifest.xml:16:9-41
35        android:roundIcon="@mipmap/ic_launcher_round"
35-->src/main/AndroidManifest.xml:17:9-54
36        android:supportsRtl="true"
36-->src/main/AndroidManifest.xml:18:9-35
37        android:testOnly="true"
38        android:theme="@style/Theme.StickerPackMaker" >
38-->src/main/AndroidManifest.xml:19:9-54
39        <activity
39-->src/main/AndroidManifest.xml:21:9-71:20
40            android:name="com.stickerpack.maker.MainActivity"
40-->src/main/AndroidManifest.xml:22:13-41
41            android:exported="true"
41-->src/main/AndroidManifest.xml:23:13-36
42            android:theme="@style/Theme.StickerPackMaker" >
42-->src/main/AndroidManifest.xml:24:13-58
43            <intent-filter>
43-->src/main/AndroidManifest.xml:25:13-28:29
44                <action android:name="android.intent.action.MAIN" />
44-->src/main/AndroidManifest.xml:26:17-69
44-->src/main/AndroidManifest.xml:26:25-66
45
46                <category android:name="android.intent.category.LAUNCHER" />
46-->src/main/AndroidManifest.xml:27:17-77
46-->src/main/AndroidManifest.xml:27:27-74
47            </intent-filter>
48
49            <!-- Intent filter for opening .wastickers files via VIEW -->
50            <intent-filter>
50-->src/main/AndroidManifest.xml:31:13-40:29
51                <action android:name="android.intent.action.VIEW" />
51-->src/main/AndroidManifest.xml:32:17-69
51-->src/main/AndroidManifest.xml:32:25-66
52
53                <category android:name="android.intent.category.DEFAULT" />
53-->src/main/AndroidManifest.xml:33:17-76
53-->src/main/AndroidManifest.xml:33:27-73
54                <category android:name="android.intent.category.BROWSABLE" />
54-->src/main/AndroidManifest.xml:34:17-78
54-->src/main/AndroidManifest.xml:34:27-75
55
56                <data android:scheme="file" />
56-->src/main/AndroidManifest.xml:35:17-47
56-->src/main/AndroidManifest.xml:35:23-44
57                <data android:scheme="content" />
57-->src/main/AndroidManifest.xml:35:17-47
57-->src/main/AndroidManifest.xml:35:23-44
58                <data android:mimeType="*/*" />
58-->src/main/AndroidManifest.xml:35:17-47
58-->src/main/AndroidManifest.xml:37:23-45
59                <data android:host="*" />
59-->src/main/AndroidManifest.xml:35:17-47
59-->src/main/AndroidManifest.xml:38:23-39
60                <data android:pathPattern=".*\\.wastickers" />
60-->src/main/AndroidManifest.xml:35:17-47
60-->src/main/AndroidManifest.xml:39:23-60
61            </intent-filter>
62            <intent-filter>
62-->src/main/AndroidManifest.xml:42:13-49:29
63                <action android:name="android.intent.action.VIEW" />
63-->src/main/AndroidManifest.xml:32:17-69
63-->src/main/AndroidManifest.xml:32:25-66
64
65                <category android:name="android.intent.category.DEFAULT" />
65-->src/main/AndroidManifest.xml:33:17-76
65-->src/main/AndroidManifest.xml:33:27-73
66                <category android:name="android.intent.category.BROWSABLE" />
66-->src/main/AndroidManifest.xml:34:17-78
66-->src/main/AndroidManifest.xml:34:27-75
67
68                <data android:scheme="file" />
68-->src/main/AndroidManifest.xml:35:17-47
68-->src/main/AndroidManifest.xml:35:23-44
69                <data android:scheme="content" />
69-->src/main/AndroidManifest.xml:35:17-47
69-->src/main/AndroidManifest.xml:35:23-44
70                <data android:pathSuffix=".wastickers" />
70-->src/main/AndroidManifest.xml:35:17-47
70-->src/main/AndroidManifest.xml:48:23-55
71            </intent-filter>
72            <intent-filter>
72-->src/main/AndroidManifest.xml:51:13-60:29
73                <action android:name="android.intent.action.VIEW" />
73-->src/main/AndroidManifest.xml:32:17-69
73-->src/main/AndroidManifest.xml:32:25-66
74
75                <category android:name="android.intent.category.DEFAULT" />
75-->src/main/AndroidManifest.xml:33:17-76
75-->src/main/AndroidManifest.xml:33:27-73
76                <category android:name="android.intent.category.BROWSABLE" />
76-->src/main/AndroidManifest.xml:34:17-78
76-->src/main/AndroidManifest.xml:34:27-75
77
78                <data android:scheme="file" />
78-->src/main/AndroidManifest.xml:35:17-47
78-->src/main/AndroidManifest.xml:35:23-44
79                <data android:scheme="content" />
79-->src/main/AndroidManifest.xml:35:17-47
79-->src/main/AndroidManifest.xml:35:23-44
80                <data android:mimeType="application/wastickers" />
80-->src/main/AndroidManifest.xml:35:17-47
80-->src/main/AndroidManifest.xml:37:23-45
81                <data android:mimeType="application/octet-stream" />
81-->src/main/AndroidManifest.xml:35:17-47
81-->src/main/AndroidManifest.xml:37:23-45
82                <data android:mimeType="application/zip" />
82-->src/main/AndroidManifest.xml:35:17-47
82-->src/main/AndroidManifest.xml:37:23-45
83            </intent-filter>
84
85            <!-- Intent filter for receiving .wastickers files via SEND (sharing) -->
86            <intent-filter>
86-->src/main/AndroidManifest.xml:63:13-70:29
87                <action android:name="android.intent.action.SEND" />
87-->src/main/AndroidManifest.xml:64:17-69
87-->src/main/AndroidManifest.xml:64:25-66
88
89                <category android:name="android.intent.category.DEFAULT" />
89-->src/main/AndroidManifest.xml:33:17-76
89-->src/main/AndroidManifest.xml:33:27-73
90
91                <data android:mimeType="*/*" />
91-->src/main/AndroidManifest.xml:35:17-47
91-->src/main/AndroidManifest.xml:37:23-45
92                <data android:mimeType="application/wastickers" />
92-->src/main/AndroidManifest.xml:35:17-47
92-->src/main/AndroidManifest.xml:37:23-45
93                <data android:mimeType="application/octet-stream" />
93-->src/main/AndroidManifest.xml:35:17-47
93-->src/main/AndroidManifest.xml:37:23-45
94                <data android:mimeType="application/zip" />
94-->src/main/AndroidManifest.xml:35:17-47
94-->src/main/AndroidManifest.xml:37:23-45
95            </intent-filter>
96        </activity>
97
98        <!-- Official WhatsApp Sticker ContentProvider -->
99        <provider
99-->INJECTED
100            android:name="com.stickerpack.maker.StickerContentProvider"
100-->src/main/AndroidManifest.xml:75:13-51
101            android:authorities="com.stickerpack.maker.stickercontentprovider"
101-->INJECTED
102            android:enabled="true"
102-->src/main/AndroidManifest.xml:77:13-35
103            android:exported="true"
103-->src/main/AndroidManifest.xml:78:13-36
104            android:readPermission="com.whatsapp.sticker.READ" />
104-->src/main/AndroidManifest.xml:79:13-63
105
106        <!-- FileProvider for sharing .wastickers files -->
107        <provider
107-->INJECTED
108            android:name="androidx.core.content.FileProvider"
108-->src/main/AndroidManifest.xml:83:13-62
109            android:authorities="com.stickerpack.maker.fileprovider"
109-->INJECTED
110            android:exported="false"
110-->src/main/AndroidManifest.xml:85:13-37
111            android:grantUriPermissions="true" >
111-->src/main/AndroidManifest.xml:86:13-47
112            <meta-data
112-->src/main/AndroidManifest.xml:87:13-89:54
113                android:name="android.support.FILE_PROVIDER_PATHS"
113-->src/main/AndroidManifest.xml:88:17-67
114                android:resource="@xml/file_paths" />
114-->src/main/AndroidManifest.xml:89:17-51
115        </provider>
116        <provider
116-->[androidx.emoji2:emoji2:1.3.0] AndroidManifest.xml:24:9-32:20
117            android:name="androidx.startup.InitializationProvider"
117-->[androidx.emoji2:emoji2:1.3.0] AndroidManifest.xml:25:13-67
118            android:authorities="com.stickerpack.maker.androidx-startup"
118-->[androidx.emoji2:emoji2:1.3.0] AndroidManifest.xml:26:13-68
119            android:exported="false" >
119-->[androidx.emoji2:emoji2:1.3.0] AndroidManifest.xml:27:13-37
120            <meta-data
120-->[androidx.emoji2:emoji2:1.3.0] AndroidManifest.xml:29:13-31:52
121                android:name="androidx.emoji2.text.EmojiCompatInitializer"
121-->[androidx.emoji2:emoji2:1.3.0] AndroidManifest.xml:30:17-75
122                android:value="androidx.startup" />
122-->[androidx.emoji2:emoji2:1.3.0] AndroidManifest.xml:31:17-49
123            <meta-data
123-->[androidx.lifecycle:lifecycle-process:2.7.0] AndroidManifest.xml:29:13-31:52
124                android:name="androidx.lifecycle.ProcessLifecycleInitializer"
124-->[androidx.lifecycle:lifecycle-process:2.7.0] AndroidManifest.xml:30:17-78
125                android:value="androidx.startup" />
125-->[androidx.lifecycle:lifecycle-process:2.7.0] AndroidManifest.xml:31:17-49
126            <meta-data
126-->[androidx.profileinstaller:profileinstaller:1.3.1] AndroidManifest.xml:29:13-31:52
127                android:name="androidx.profileinstaller.ProfileInstallerInitializer"
127-->[androidx.profileinstaller:profileinstaller:1.3.1] AndroidManifest.xml:30:17-85
128                android:value="androidx.startup" />
128-->[androidx.profileinstaller:profileinstaller:1.3.1] AndroidManifest.xml:31:17-49
129        </provider>
130
131        <activity
131-->[androidx.compose.ui:ui-tooling-android:1.6.4] AndroidManifest.xml:23:9-25:39
132            android:name="androidx.compose.ui.tooling.PreviewActivity"
132-->[androidx.compose.ui:ui-tooling-android:1.6.4] AndroidManifest.xml:24:13-71
133            android:exported="true" />
133-->[androidx.compose.ui:ui-tooling-android:1.6.4] AndroidManifest.xml:25:13-36
134
135        <service
135-->[androidx.room:room-runtime-android:2.7.0-alpha13] AndroidManifest.xml:24:9-28:63
136            android:name="androidx.room.MultiInstanceInvalidationService"
136-->[androidx.room:room-runtime-android:2.7.0-alpha13] AndroidManifest.xml:25:13-74
137            android:directBootAware="true"
137-->[androidx.room:room-runtime-android:2.7.0-alpha13] AndroidManifest.xml:26:13-43
138            android:exported="false" />
138-->[androidx.room:room-runtime-android:2.7.0-alpha13] AndroidManifest.xml:27:13-37
139
140        <receiver
140-->[androidx.profileinstaller:profileinstaller:1.3.1] AndroidManifest.xml:34:9-52:20
141            android:name="androidx.profileinstaller.ProfileInstallReceiver"
141-->[androidx.profileinstaller:profileinstaller:1.3.1] AndroidManifest.xml:35:13-76
142            android:directBootAware="false"
142-->[androidx.profileinstaller:profileinstaller:1.3.1] AndroidManifest.xml:36:13-44
143            android:enabled="true"
143-->[androidx.profileinstaller:profileinstaller:1.3.1] AndroidManifest.xml:37:13-35
144            android:exported="true"
144-->[androidx.profileinstaller:profileinstaller:1.3.1] AndroidManifest.xml:38:13-36
145            android:permission="android.permission.DUMP" >
145-->[androidx.profileinstaller:profileinstaller:1.3.1] AndroidManifest.xml:39:13-57
146            <intent-filter>
146-->[androidx.profileinstaller:profileinstaller:1.3.1] AndroidManifest.xml:40:13-42:29
147                <action android:name="androidx.profileinstaller.action.INSTALL_PROFILE" />
147-->[androidx.profileinstaller:profileinstaller:1.3.1] AndroidManifest.xml:41:17-91
147-->[androidx.profileinstaller:profileinstaller:1.3.1] AndroidManifest.xml:41:25-88
148            </intent-filter>
149            <intent-filter>
149-->[androidx.profileinstaller:profileinstaller:1.3.1] AndroidManifest.xml:43:13-45:29
150                <action android:name="androidx.profileinstaller.action.SKIP_FILE" />
150-->[androidx.profileinstaller:profileinstaller:1.3.1] AndroidManifest.xml:44:17-85
150-->[androidx.profileinstaller:profileinstaller:1.3.1] AndroidManifest.xml:44:25-82
151            </intent-filter>
152            <intent-filter>
152-->[androidx.profileinstaller:profileinstaller:1.3.1] AndroidManifest.xml:46:13-48:29
153                <action android:name="androidx.profileinstaller.action.SAVE_PROFILE" />
153-->[androidx.profileinstaller:profileinstaller:1.3.1] AndroidManifest.xml:47:17-88
153-->[androidx.profileinstaller:profileinstaller:1.3.1] AndroidManifest.xml:47:25-85
154            </intent-filter>
155            <intent-filter>
155-->[androidx.profileinstaller:profileinstaller:1.3.1] AndroidManifest.xml:49:13-51:29
156                <action android:name="androidx.profileinstaller.action.BENCHMARK_OPERATION" />
156-->[androidx.profileinstaller:profileinstaller:1.3.1] AndroidManifest.xml:50:17-95
156-->[androidx.profileinstaller:profileinstaller:1.3.1] AndroidManifest.xml:50:25-92
157            </intent-filter>
158        </receiver>
159    </application>
160
161</manifest>